app/build/intermediates/manifest_merge_blame_file/debug/manifest-merger-blame-debug-report.txt
1<?xml version="1.0" encoding="utf-8"?>
2<manifest xmlns:android="http://schemas.android.com/apk/res/android"
3    package="com.ghsapp.android.ghsapp"
4    android:versionCode="3"
5    android:versionName="1.5" >
6
7    <uses-sdk
8        android:minSdkVersion="19"
8-->src\main\AndroidManifest.xml
9        android:targetSdkVersion="26" />
9-->src\main\AndroidManifest.xml
10
11    <uses-permission android:name="android.permission.INTERNET" />
11-->src\main\AndroidManifest.xml:5:5-67
11-->src\main\AndroidManifest.xml:5:22-64
12    <uses-permission android:name="android.permission.READ_EXTERNAL_STORAGE" />
12-->src\main\AndroidManifest.xml:6:5-79
12-->src\main\AndroidManifest.xml:6:22-77
13    <uses-permission android:name="android.permission.INTERNET" />
13-->src\main\AndroidManifest.xml:5:5-67
13-->src\main\AndroidManifest.xml:5:22-64
14    <uses-permission android:name="android.permission.ACCESS_NETWORK_STATE" />
14-->[com.google.firebase:firebase-analytics:11.8.0] AndroidManifest.xml:24:5-79
14-->[com.google.firebase:firebase-analytics:11.8.0] AndroidManifest.xml:24:22-76
15    <uses-permission android:name="android.permission.WAKE_LOCK" /> <!-- Required by older versions of Google Play services to create IID tokens -->
15-->[com.google.firebase:firebase-analytics:11.8.0] AndroidManifest.xml:25:5-68
15-->[com.google.firebase:firebase-analytics:11.8.0] AndroidManifest.xml:25:22-65
16    <uses-permission android:name="com.google.android.c2dm.permission.RECEIVE" />
16-->[com.google.firebase:firebase-iid:11.8.0] AndroidManifest.xml:26:5-82
16-->[com.google.firebase:firebase-iid:11.8.0] AndroidManifest.xml:26:22-79
17
18    <permission
18-->[com.google.firebase:firebase-iid:11.8.0] AndroidManifest.xml:28:5-30:47
19        android:name="com.ghsapp.android.ghsapp.permission.C2D_MESSAGE"
19-->[com.google.firebase:firebase-iid:11.8.0] AndroidManifest.xml:29:9-63
20        android:protectionLevel="signature" />
20-->[com.google.firebase:firebase-iid:11.8.0] AndroidManifest.xml:30:9-44
21
22    <uses-permission android:name="com.ghsapp.android.ghsapp.permission.C2D_MESSAGE" />
22-->[com.google.firebase:firebase-iid:11.8.0] AndroidManifest.xml:32:5-79
22-->[com.google.firebase:firebase-iid:11.8.0] AndroidManifest.xml:32:22-76
23
24    <application
24-->src\main\AndroidManifest.xml:8:5-46:19
25        android:name="com.ghsapp.android.ghsapp.Global"
25-->src\main\AndroidManifest.xml:9:9-31
26        android:allowBackup="true"
26-->src\main\AndroidManifest.xml:10:9-35
27        android:debuggable="true"
28        android:hardwareAccelerated="false"
28-->src\main\AndroidManifest.xml:15:9-44
29        android:icon="@mipmap/ic_launcher_round"
29-->src\main\AndroidManifest.xml:11:9-49
30        android:label="@string/app_name"
30-->src\main\AndroidManifest.xml:12:9-41
31        android:largeHeap="true"
31-->src\main\AndroidManifest.xml:16:9-33
32        android:roundIcon="@mipmap/ic_launcher_round"
32-->src\main\AndroidManifest.xml:13:9-54
33        android:supportsRtl="true"
33-->src\main\AndroidManifest.xml:14:9-35
34        android:testOnly="true"
35        android:theme="@style/red" >
35-->src\main\AndroidManifest.xml:17:9-35
36        <activity
36-->src\main\AndroidManifest.xml:18:9-25:20
37            android:name="com.ghsapp.android.ghsapp.AnimationView"
37-->src\main\AndroidManifest.xml:18:19-48
38            android:screenOrientation="portrait" >
38-->src\main\AndroidManifest.xml:19:13-49
39            <intent-filter>
39-->src\main\AndroidManifest.xml:20:13-24:29
40                <action android:name="android.intent.action.MAIN" />
40-->src\main\AndroidManifest.xml:21:17-69
40-->src\main\AndroidManifest.xml:21:25-66
41
42                <category android:name="android.intent.category.LAUNCHER" />
42-->src\main\AndroidManifest.xml:23:17-77
42-->src\main\AndroidManifest.xml:23:27-74
43            </intent-filter>
44        </activity>
45        <activity
45-->src\main\AndroidManifest.xml:26:9-27:52
46            android:name="com.ghsapp.android.ghsapp.MainActivity"
46-->src\main\AndroidManifest.xml:26:19-47
47            android:screenOrientation="portrait" />
47-->src\main\AndroidManifest.xml:27:13-49
48        <activity
48-->src\main\AndroidManifest.xml:28:9-29:51
49            android:name="com.ghsapp.android.ghsapp.Student"
49-->src\main\AndroidManifest.xml:28:19-42
50            android:screenOrientation="portrait" />
50-->src\main\AndroidManifest.xml:29:13-49
51        <activity
51-->src\main\AndroidManifest.xml:30:9-31:51
52            android:name="com.ghsapp.android.ghsapp.Teacher"
52-->src\main\AndroidManifest.xml:30:19-42
53            android:screenOrientation="portrait" />
53-->src\main\AndroidManifest.xml:31:13-49
54        <activity
54-->src\main\AndroidManifest.xml:32:9-33:51
55            android:name="com.ghsapp.android.ghsapp.Contact"
55-->src\main\AndroidManifest.xml:32:19-42
56            android:screenOrientation="portrait" />
56-->src\main\AndroidManifest.xml:33:13-49
57        <activity
57-->src\main\AndroidManifest.xml:34:9-35:51
58            android:name="com.ghsapp.android.ghsapp.other"
58-->src\main\AndroidManifest.xml:34:19-40
59            android:screenOrientation="portrait" />
59-->src\main\AndroidManifest.xml:35:13-49
60        <activity
60-->src\main\AndroidManifest.xml:36:9-85
61            android:name="com.ghsapp.android.ghsapp.WebsiteView"
61-->src\main\AndroidManifest.xml:36:19-46
62            android:screenOrientation="portrait" />
62-->src\main\AndroidManifest.xml:36:47-83
63        <activity
63-->src\main\AndroidManifest.xml:37:9-83
64            android:name="com.ghsapp.android.ghsapp.ImageView"
64-->src\main\AndroidManifest.xml:37:19-44
65            android:screenOrientation="portrait" />
65-->src\main\AndroidManifest.xml:37:45-81
66        <activity
66-->src\main\AndroidManifest.xml:38:9-94
67            android:name="com.ghsapp.android.ghsapp.TwitterAnnouncements"
67-->src\main\AndroidManifest.xml:38:19-55
68            android:screenOrientation="portrait" />
68-->src\main\AndroidManifest.xml:38:56-92
69        <activity
69-->src\main\AndroidManifest.xml:39:9-83
70            android:name="com.ghsapp.android.ghsapp.APTesting"
70-->src\main\AndroidManifest.xml:39:19-44
71            android:screenOrientation="portrait" />
71-->src\main\AndroidManifest.xml:39:45-81
72        <activity
72-->src\main\AndroidManifest.xml:40:9-85
73            android:name="com.ghsapp.android.ghsapp.SocialMedia"
73-->src\main\AndroidManifest.xml:40:19-46
74            android:screenOrientation="portrait" />
74-->src\main\AndroidManifest.xml:40:47-83
75        <activity
75-->src\main\AndroidManifest.xml:41:9-87
76            android:name="com.ghsapp.android.ghsapp.TeacherSearch"
76-->src\main\AndroidManifest.xml:41:19-48
77            android:screenOrientation="portrait" />
77-->src\main\AndroidManifest.xml:41:49-85
78        <activity
78-->src\main\AndroidManifest.xml:42:9-88
79            android:name="com.ghsapp.android.ghsapp.TeacherDetails"
79-->src\main\AndroidManifest.xml:42:19-49
80            android:screenOrientation="portrait" />
80-->src\main\AndroidManifest.xml:42:50-86
81        <activity
81-->src\main\AndroidManifest.xml:43:9-83
82            android:name="com.ghsapp.android.ghsapp.Directory"
82-->src\main\AndroidManifest.xml:43:19-44
83            android:screenOrientation="portrait" />
83-->src\main\AndroidManifest.xml:43:45-81
84        <activity
84-->src\main\AndroidManifest.xml:44:9-82
85            android:name="com.ghsapp.android.ghsapp.Calender"
85-->src\main\AndroidManifest.xml:44:19-43
86            android:screenOrientation="portrait" />
86-->src\main\AndroidManifest.xml:44:44-80
87
88        <meta-data
88-->[com.android.support:design:26.1.0] AndroidManifest.xml:26:9-28:38
89            android:name="android.support.VERSION"
89-->[com.android.support:design:26.1.0] AndroidManifest.xml:27:13-51
90            android:value="26.1.0" />
90-->[com.android.support:design:26.1.0] AndroidManifest.xml:28:13-35
91
92        <activity
92-->[com.twitter.sdk.android:tweet-ui:3.2.0] AndroidManifest.xml:28:9-31:49
93            android:name="com.twitter.sdk.android.tweetui.PlayerActivity"
93-->[com.twitter.sdk.android:tweet-ui:3.2.0] AndroidManifest.xml:29:13-74
94            android:configChanges="keyboardHidden|orientation|screenSize"
94-->[com.twitter.sdk.android:tweet-ui:3.2.0] AndroidManifest.xml:30:13-74
95            android:theme="@style/MediaTheme" />
95-->[com.twitter.sdk.android:tweet-ui:3.2.0] AndroidManifest.xml:31:13-46
96        <activity
96-->[com.twitter.sdk.android:tweet-ui:3.2.0] AndroidManifest.xml:32:9-34:49
97            android:name="com.twitter.sdk.android.tweetui.GalleryActivity"
97-->[com.twitter.sdk.android:tweet-ui:3.2.0] AndroidManifest.xml:33:13-75
98            android:theme="@style/MediaTheme" />
98-->[com.twitter.sdk.android:tweet-ui:3.2.0] AndroidManifest.xml:34:13-46
99        <!--
100             FirebaseMessagingService performs security checks at runtime,
101             no need for explicit permissions despite exported="true"
102        -->
103        <service
103-->[com.google.firebase:firebase-messaging:11.8.0] AndroidManifest.xml:28:9-34:19
104            android:name="com.google.firebase.messaging.FirebaseMessagingService"
104-->[com.google.firebase:firebase-messaging:11.8.0] AndroidManifest.xml:29:13-82
105            android:exported="true" >
105-->[com.google.firebase:firebase-messaging:11.8.0] AndroidManifest.xml:30:13-36
106            <intent-filter android:priority="-500" >
106-->[com.google.firebase:firebase-messaging:11.8.0] AndroidManifest.xml:31:13-33:29
106-->[com.google.firebase:firebase-messaging:11.8.0] AndroidManifest.xml:31:28-51
107                <action android:name="com.google.firebase.MESSAGING_EVENT" />
107-->[com.google.firebase:firebase-messaging:11.8.0] AndroidManifest.xml:32:17-78
107-->[com.google.firebase:firebase-messaging:11.8.0] AndroidManifest.xml:32:25-75
108            </intent-filter>
109        </service>
110
111        <receiver
111-->[com.google.firebase:firebase-analytics:11.8.0] AndroidManifest.xml:28:9-32:20
112            android:name="com.google.android.gms.measurement.AppMeasurementReceiver"
112-->[com.google.firebase:firebase-analytics:11.8.0] AndroidManifest.xml:29:13-85
113            android:enabled="true"
113-->[com.google.firebase:firebase-analytics:11.8.0] AndroidManifest.xml:30:13-35
114            android:exported="false" >
114-->[com.google.firebase:firebase-analytics:11.8.0] AndroidManifest.xml:31:13-37
115        </receiver>
116        <receiver
116-->[com.google.firebase:firebase-analytics:11.8.0] AndroidManifest.xml:33:9-41:20
117            android:name="com.google.android.gms.measurement.AppMeasurementInstallReferrerReceiver"
117-->[com.google.firebase:firebase-analytics:11.8.0] AndroidManifest.xml:34:13-100
118            android:enabled="true"
118-->[com.google.firebase:firebase-analytics:11.8.0] AndroidManifest.xml:35:13-35
119            android:exported="true"
119-->[com.google.firebase:firebase-analytics:11.8.0] AndroidManifest.xml:36:13-36
120            android:permission="android.permission.INSTALL_PACKAGES" >
120-->[com.google.firebase:firebase-analytics:11.8.0] AndroidManifest.xml:37:13-69
121            <intent-filter>
121-->[com.google.firebase:firebase-analytics:11.8.0] AndroidManifest.xml:38:13-40:29
122                <action android:name="com.android.vending.INSTALL_REFERRER" />
122-->[com.google.firebase:firebase-analytics:11.8.0] AndroidManifest.xml:39:17-79
122-->[com.google.firebase:firebase-analytics:11.8.0] AndroidManifest.xml:39:25-76
123            </intent-filter>
124        </receiver>
125
126        <service
126-->[com.google.firebase:firebase-analytics:11.8.0] AndroidManifest.xml:43:9-46:40
127            android:name="com.google.android.gms.measurement.AppMeasurementService"
127-->[com.google.firebase:firebase-analytics:11.8.0] AndroidManifest.xml:44:13-84
128            android:enabled="true"
128-->[com.google.firebase:firebase-analytics:11.8.0] AndroidManifest.xml:45:13-35
129            android:exported="false" />
129-->[com.google.firebase:firebase-analytics:11.8.0] AndroidManifest.xml:46:13-37
130        <service
130-->[com.google.firebase:firebase-analytics:11.8.0] AndroidManifest.xml:47:9-51:72
131            android:name="com.google.android.gms.measurement.AppMeasurementJobService"
131-->[com.google.firebase:firebase-analytics:11.8.0] AndroidManifest.xml:48:13-87
132            android:enabled="true"
132-->[com.google.firebase:firebase-analytics:11.8.0] AndroidManifest.xml:49:13-35
133            android:exported="false"
133-->[com.google.firebase:firebase-analytics:11.8.0] AndroidManifest.xml:50:13-37
134            android:permission="android.permission.BIND_JOB_SERVICE" />
134-->[com.google.firebase:firebase-analytics:11.8.0] AndroidManifest.xml:51:13-69
135
136        <receiver
136-->[com.google.firebase:firebase-iid:11.8.0] AndroidManifest.xml:35:9-44:20
137            android:name="com.google.firebase.iid.FirebaseInstanceIdReceiver"
137-->[com.google.firebase:firebase-iid:11.8.0] AndroidManifest.xml:36:13-78
138            android:exported="true"
138-->[com.google.firebase:firebase-iid:11.8.0] AndroidManifest.xml:37:13-36
139            android:permission="com.google.android.c2dm.permission.SEND" >
139-->[com.google.firebase:firebase-iid:11.8.0] AndroidManifest.xml:38:13-73
140            <intent-filter>
140-->[com.google.firebase:firebase-iid:11.8.0] AndroidManifest.xml:39:13-43:29
141                <action android:name="com.google.android.c2dm.intent.RECEIVE" />
141-->[com.google.firebase:firebase-iid:11.8.0] AndroidManifest.xml:40:17-81
141-->[com.google.firebase:firebase-iid:11.8.0] AndroidManifest.xml:40:25-78
142
143                <category android:name="com.ghsapp.android.ghsapp" />
143-->[com.google.firebase:firebase-iid:11.8.0] AndroidManifest.xml:42:17-61
143-->[com.google.firebase:firebase-iid:11.8.0] AndroidManifest.xml:42:27-58
144            </intent-filter>
145        </receiver>
146        <!--
147             FirebaseInstanceIdService performs security checks at runtime,
148             no need for explicit permissions despite exported="true"
149        -->
150        <service
150-->[com.google.firebase:firebase-iid:11.8.0] AndroidManifest.xml:50:9-56:19
151            android:name="com.google.firebase.iid.FirebaseInstanceIdService"
151-->[com.google.firebase:firebase-iid:11.8.0] AndroidManifest.xml:51:13-77
152            android:exported="true" >
152-->[com.google.firebase:firebase-iid:11.8.0] AndroidManifest.xml:52:13-36
153            <intent-filter android:priority="-500" >
153-->[com.google.firebase:firebase-iid:11.8.0] AndroidManifest.xml:53:13-55:29
153-->[com.google.firebase:firebase-iid:11.8.0] AndroidManifest.xml:53:28-51
154                <action android:name="com.google.firebase.INSTANCE_ID_EVENT" />
154-->[com.google.firebase:firebase-iid:11.8.0] AndroidManifest.xml:54:17-80
154-->[com.google.firebase:firebase-iid:11.8.0] AndroidManifest.xml:54:25-77
155            </intent-filter>
156        </service>
157
158        <provider
158-->[com.google.firebase:firebase-common:11.8.0] AndroidManifest.xml:8:9-12:39
159            android:name="com.google.firebase.provider.FirebaseInitProvider"
159-->[com.google.firebase:firebase-common:11.8.0] AndroidManifest.xml:9:13-77
160            android:authorities="com.ghsapp.android.ghsapp.firebaseinitprovider"
160-->[com.google.firebase:firebase-common:11.8.0] AndroidManifest.xml:10:13-72
161            android:exported="false"
161-->[com.google.firebase:firebase-common:11.8.0] AndroidManifest.xml:11:13-37
162            android:initOrder="100" />
162-->[com.google.firebase:firebase-common:11.8.0] AndroidManifest.xml:12:13-36
163
164        <meta-data
164-->[com.google.android.gms:play-services-basement:11.8.0] AndroidManifest.xml:23:9-25:69
165            android:name="com.google.android.gms.version"
165-->[com.google.android.gms:play-services-basement:11.8.0] AndroidManifest.xml:24:13-58
166            android:value="@integer/google_play_services_version" />
166-->[com.google.android.gms:play-services-basement:11.8.0] AndroidManifest.xml:25:13-66
167
168        <activity
168-->[com.twitter.sdk.android:tweet-composer:3.1.1] AndroidManifest.xml:28:9-31:71
169            android:name="com.twitter.sdk.android.tweetcomposer.ComposerActivity"
169-->[com.twitter.sdk.android:tweet-composer:3.1.1] AndroidManifest.xml:29:13-82
170            android:exported="false"
170-->[com.twitter.sdk.android:tweet-composer:3.1.1] AndroidManifest.xml:30:13-37
171            android:windowSoftInputMode="adjustResize|stateVisible" />
171-->[com.twitter.sdk.android:tweet-composer:3.1.1] AndroidManifest.xml:31:13-68
172
173        <service
173-->[com.twitter.sdk.android:tweet-composer:3.1.1] AndroidManifest.xml:33:9-36:40
174            android:name="com.twitter.sdk.android.tweetcomposer.TweetUploadService"
174-->[com.twitter.sdk.android:tweet-composer:3.1.1] AndroidManifest.xml:34:13-84
175            android:enabled="true"
175-->[com.twitter.sdk.android:tweet-composer:3.1.1] AndroidManifest.xml:35:13-35
176            android:exported="false" />
176-->[com.twitter.sdk.android:tweet-composer:3.1.1] AndroidManifest.xml:36:13-37
177
178        <activity
178-->[com.twitter.sdk.android:twitter-core:3.2.0] AndroidManifest.xml:28:9-32:40
179            android:name="com.twitter.sdk.android.core.identity.OAuthActivity"
179-->[com.twitter.sdk.android:twitter-core:3.2.0] AndroidManifest.xml:29:13-79
180            android:configChanges="orientation|screenSize"
180-->[com.twitter.sdk.android:twitter-core:3.2.0] AndroidManifest.xml:30:13-59
181            android:excludeFromRecents="true"
181-->[com.twitter.sdk.android:twitter-core:3.2.0] AndroidManifest.xml:31:13-46
182            android:exported="false" />
182-->[com.twitter.sdk.android:twitter-core:3.2.0] AndroidManifest.xml:32:13-37
183
184        <meta-data
184-->[android.arch.lifecycle:runtime:1.0.0] AndroidManifest.xml:25:9-27:47
185            android:name="android.arch.lifecycle.VERSION"
185-->[android.arch.lifecycle:runtime:1.0.0] AndroidManifest.xml:26:13-58
186            android:value="27.0.0-SNAPSHOT" />
186-->[android.arch.lifecycle:runtime:1.0.0] AndroidManifest.xml:27:13-44
187    </application>
188
189</manifest>